2019-05-31 13:42:46 Debug: Notice (1024): Element Not Found: Elements\Flash\error_animated.ctp in [C:\wamp\www\cakebase2x\lib\Cake\View\View.php, line 425]
Trace:
ErrorHandler::handleError() - CORE\Cake\Error\ErrorHandler.php, line 230
View::element() - CORE\Cake\View\View.php, line 425
SessionHelper::flash() - CORE\Cake\View\Helper\SessionHelper.php, line 160
include - APP\view\layouts\login.ctp, line 30
View::_evaluate() - CORE\Cake\View\View.php, line 971
View::_render() - CORE\Cake\View\View.php, line 933
View::renderLayout() - CORE\Cake\View\View.php, line 546
View::render() - CORE\Cake\View\View.php, line 481
Controller::render() - CORE\Cake\Controller\Controller.php, line 963
Dispatcher::_invoke() - CORE\Cake\Routing\Dispatcher.php, line 200
Dispatcher::dispatch() - CORE\Cake\Routing\Dispatcher.php, line 167
[main] - APP\webroot\index.php, line 123

2019-05-31 13:44:19 Debug: Notice (1024): Element Not Found: Elements\Flash\error_animated.ctp in [C:\wamp\www\cakebase2x\lib\Cake\View\View.php, line 425]
Trace:
ErrorHandler::handleError() - CORE\Cake\Error\ErrorHandler.php, line 230
View::element() - CORE\Cake\View\View.php, line 425
SessionHelper::flash() - CORE\Cake\View\Helper\SessionHelper.php, line 160
include - APP\view\layouts\login.ctp, line 30
View::_evaluate() - CORE\Cake\View\View.php, line 971
View::_render() - CORE\Cake\View\View.php, line 933
View::renderLayout() - CORE\Cake\View\View.php, line 546
View::render() - CORE\Cake\View\View.php, line 481
Controller::render() - CORE\Cake\Controller\Controller.php, line 963
Dispatcher::_invoke() - CORE\Cake\Routing\Dispatcher.php, line 200
Dispatcher::dispatch() - CORE\Cake\Routing\Dispatcher.php, line 167
[main] - APP\webroot\index.php, line 123

